c:\gameprojects\backjun\x64\debug\vc143.pdb
c:\gameprojects\backjun\x64\debug\vc143.idb
c:\gameprojects\backjun\x64\debug\2750.obj
c:\gameprojects\backjun\x64\debug\2447.obj
c:\gameprojects\backjun\x64\debug\1753.obj
c:\gameprojects\backjun\x64\debug\backjun.exe
c:\gameprojects\backjun\x64\debug\backjun.ilk
c:\gameprojects\backjun\x64\debug\backjun.pdb
c:\gameprojects\backjun\x64\debug\1012.obj
c:\gameprojects\backjun\x64\debug\10870.obj
c:\gameprojects\backjun\x64\debug\10989.obj
c:\gameprojects\backjun\x64\debug\11279.obj
c:\gameprojects\backjun\x64\debug\11650.obj
c:\gameprojects\backjun\x64\debug\11729.obj
c:\gameprojects\backjun\x64\debug\11866.obj
c:\gameprojects\backjun\x64\debug\1427.obj
c:\gameprojects\backjun\x64\debug\15649.obj
c:\gameprojects\backjun\x64\debug\1697.obj
c:\gameprojects\backjun\x64\debug\18258.obj
c:\gameprojects\backjun\x64\debug\2164.obj
c:\gameprojects\backjun\x64\debug\2178.obj
c:\gameprojects\backjun\x64\debug\2346.obj
c:\gameprojects\backjun\x64\debug\25305.obj
c:\gameprojects\backjun\x64\debug\2587.obj
c:\gameprojects\backjun\x64\debug\2667.obj
c:\gameprojects\backjun\x64\debug\27433.obj
c:\gameprojects\backjun\x64\debug\2751.obj
c:\gameprojects\backjun\x64\debug\28278.obj
c:\gameprojects\backjun\x64\debug\29279.obj
c:\gameprojects\backjun\x64\debug\7576.obj
c:\gameprojects\backjun\x64\debug\filename.obj
c:\gameprojects\backjun\x64\debug\29279.obj.enc
c:\gameprojects\backjun\x64\debug\backjun.tlog\cl.command.1.tlog
c:\gameprojects\backjun\x64\debug\backjun.tlog\cl.items.tlog
c:\gameprojects\backjun\x64\debug\backjun.tlog\cl.read.1.tlog
c:\gameprojects\backjun\x64\debug\backjun.tlog\cl.write.1.tlog
c:\gameprojects\backjun\x64\debug\backjun.tlog\link.command.1.tlog
c:\gameprojects\backjun\x64\debug\backjun.tlog\link.read.1.tlog
c:\gameprojects\backjun\x64\debug\backjun.tlog\link.write.1.tlog
